d:\_\__sdl projects\game1017\_winter2023\game1017_le2_labdone\game1007_w05_framework\x64\debug\vc143.pdb
d:\_\__sdl projects\game1017\_winter2023\game1017_le2_labdone\game1007_w05_framework\x64\debug\vc143.idb
d:\_\__sdl projects\game1017\_winter2023\game1017_le2_labdone\game1007_w05_framework\x64\debug\turret.obj
d:\_\__sdl projects\game1017\_winter2023\game1017_le2_labdone\game1007_w05_framework\x64\debug\texturemanager.obj
d:\_\__sdl projects\game1017\_winter2023\game1017_le2_labdone\game1007_w05_framework\x64\debug\states.obj
d:\_\__sdl projects\game1017\_winter2023\game1017_le2_labdone\game1007_w05_framework\x64\debug\statemanager.obj
d:\_\__sdl projects\game1017\_winter2023\game1017_le2_labdone\game1007_w05_framework\x64\debug\rendermanager.obj
d:\_\__sdl projects\game1017\_winter2023\game1017_le2_labdone\game1007_w05_framework\x64\debug\mathmanager.obj
d:\_\__sdl projects\game1017\_winter2023\game1017_le2_labdone\game1007_w05_framework\x64\debug\main.obj
d:\_\__sdl projects\game1017\_winter2023\game1017_le2_labdone\game1007_w05_framework\x64\debug\gameobject.obj
d:\_\__sdl projects\game1017\_winter2023\game1017_le2_labdone\game1007_w05_framework\x64\debug\eventmanager.obj
d:\_\__sdl projects\game1017\_winter2023\game1017_le2_labdone\game1007_w05_framework\x64\debug\engine.obj
d:\_\__sdl projects\game1017\_winter2023\game1017_le2_labdone\game1007_w05_framework\x64\debug\enemy.obj
d:\_\__sdl projects\game1017\_winter2023\game1017_le2_labdone\game1007_w05_framework\x64\debug\collisionmanager.obj
d:\_\__sdl projects\game1017\_winter2023\game1017_le2_labdone\game1007_w05_framework\x64\debug\bullet.obj
d:\_\__sdl projects\game1017\_winter2023\game1017_le2_labdone\game1007_w05_framework\x64\debug\game1007_w05_framework.ilk
d:\_\__sdl projects\game1017\_winter2023\game1017_le2_labdone\bin\game1007_w05_framework.exe
d:\_\__sdl projects\game1017\_winter2023\game1017_le2_labdone\bin\game1007_w05_framework.pdb
d:\_\__sdl projects\game1017\_winter2023\game1017_le2_labdone\\bin\game1007_w05_framework.pdb
d:\_\__sdl projects\game1017\_winter2023\game1017_le2_labdone\game1007_w05_framework\x64\debug\game1007.eeb103f7.tlog\cl.command.1.tlog
d:\_\__sdl projects\game1017\_winter2023\game1017_le2_labdone\game1007_w05_framework\x64\debug\game1007.eeb103f7.tlog\cl.read.1.tlog
d:\_\__sdl projects\game1017\_winter2023\game1017_le2_labdone\game1007_w05_framework\x64\debug\game1007.eeb103f7.tlog\cl.write.1.tlog
d:\_\__sdl projects\game1017\_winter2023\game1017_le2_labdone\game1007_w05_framework\x64\debug\game1007.eeb103f7.tlog\link.command.1.tlog
d:\_\__sdl projects\game1017\_winter2023\game1017_le2_labdone\game1007_w05_framework\x64\debug\game1007.eeb103f7.tlog\link.read.1.tlog
d:\_\__sdl projects\game1017\_winter2023\game1017_le2_labdone\game1007_w05_framework\x64\debug\game1007.eeb103f7.tlog\link.write.1.tlog
