d:\_\__sdl projects\game1017\_winter2023\game1017_platformeralldone\game1017_framework\x64\debug\vc143.pdb
d:\_\__sdl projects\game1017\_winter2023\game1017_platformeralldone\game1017_framework\x64\debug\vc143.idb
d:\_\__sdl projects\game1017\_winter2023\game1017_platformeralldone\game1017_framework\x64\debug\tiledlevel.obj
d:\_\__sdl projects\game1017\_winter2023\game1017_platformeralldone\game1017_framework\x64\debug\texturemanager.obj
d:\_\__sdl projects\game1017\_winter2023\game1017_platformeralldone\game1017_framework\x64\debug\states.obj
d:\_\__sdl projects\game1017\_winter2023\game1017_platformeralldone\game1017_framework\x64\debug\statemanager.obj
d:\_\__sdl projects\game1017\_winter2023\game1017_platformeralldone\game1017_framework\x64\debug\soundmanager.obj
d:\_\__sdl projects\game1017\_winter2023\game1017_platformeralldone\game1017_framework\x64\debug\rendermanager.obj
d:\_\__sdl projects\game1017\_winter2023\game1017_platformeralldone\game1017_framework\x64\debug\primitives.obj
d:\_\__sdl projects\game1017\_winter2023\game1017_platformeralldone\game1017_framework\x64\debug\platformplayer.obj
d:\_\__sdl projects\game1017\_winter2023\game1017_platformeralldone\game1017_framework\x64\debug\mathmanager.obj
d:\_\__sdl projects\game1017\_winter2023\game1017_platformeralldone\game1017_framework\x64\debug\main.obj
d:\_\__sdl projects\game1017\_winter2023\game1017_platformeralldone\game1017_framework\x64\debug\gameobject.obj
d:\_\__sdl projects\game1017\_winter2023\game1017_platformeralldone\game1017_framework\x64\debug\eventmanager.obj
d:\_\__sdl projects\game1017\_winter2023\game1017_platformeralldone\game1017_framework\x64\debug\engine.obj
d:\_\__sdl projects\game1017\_winter2023\game1017_platformeralldone\game1017_framework\x64\debug\debugmanager.obj
d:\_\__sdl projects\game1017\_winter2023\game1017_platformeralldone\game1017_framework\x64\debug\collisionmanager.obj
d:\_\__sdl projects\game1017\_winter2023\game1017_platformeralldone\game1017_framework\x64\debug\button3.obj
d:\_\__sdl projects\game1017\_winter2023\game1017_platformeralldone\bin\game1017_framework.exe
d:\_\__sdl projects\game1017\_winter2023\game1017_platformeralldone\game1017_framework\x64\debug\game1017_framework.ilk
d:\_\__sdl projects\game1017\_winter2023\game1017_platformeralldone\bin\game1017_framework.pdb
d:\_\__sdl projects\game1017\_winter2023\game1017_platformeralldone\\bin\game1017_framework.pdb
d:\_\__sdl projects\game1017\_winter2023\game1017_platformeralldone\game1017_framework\x64\debug\game1017.eeb103f7.tlog\cl.command.1.tlog
d:\_\__sdl projects\game1017\_winter2023\game1017_platformeralldone\game1017_framework\x64\debug\game1017.eeb103f7.tlog\cl.read.1.tlog
d:\_\__sdl projects\game1017\_winter2023\game1017_platformeralldone\game1017_framework\x64\debug\game1017.eeb103f7.tlog\cl.write.1.tlog
d:\_\__sdl projects\game1017\_winter2023\game1017_platformeralldone\game1017_framework\x64\debug\game1017.eeb103f7.tlog\link.command.1.tlog
d:\_\__sdl projects\game1017\_winter2023\game1017_platformeralldone\game1017_framework\x64\debug\game1017.eeb103f7.tlog\link.read.1.tlog
d:\_\__sdl projects\game1017\_winter2023\game1017_platformeralldone\game1017_framework\x64\debug\game1017.eeb103f7.tlog\link.write.1.tlog
